{
  "RSpec": {
    "coverage": {
      "/Users/connorworthington/Development/week_4/bookmark_manager/spec/bookmark_spec.rb": {
        "lines": [
          1,
          null,
          1,
          1,
          1,
          1,
          null,
          null,
          null
        ]
      },
      "/Users/connorworthington/Development/week_4/bookmark_manager/lib/bookmark.rb": {
        "lines": [
          1,
          null,
          1,
          1,
          null,
          1,
          1,
          4,
          null,
          null,
          null
        ]
      },
      "/Users/connorworthington/Development/week_4/bookmark_manager/spec/features/test_spec.rb": {
        "lines": [
          1,
          1,
          1,
          1,
          null,
          null
        ]
      },
      "/Users/connorworthington/Development/week_4/bookmark_manager/spec/features/view_spec.rb": {
        "lines": [
          1,
          1,
          1,
          1,
          1,
          null,
          null
        ]
      }
    },
    "timestamp": 1600702174
  }
}
